   Compiling autocfg v1.0.0
   Compiling cfg-if v0.1.10
   Compiling version_check v0.9.2
   Compiling maybe-uninit v2.0.0
   Compiling typenum v1.12.0
   Compiling lazy_static v1.4.0
   Compiling scopeguard v1.1.0
   Compiling cpuid-bool v0.1.2
   Compiling opaque-debug v0.3.0
   Compiling hex v0.4.2
   Compiling crossbeam-utils v0.7.2
   Compiling memoffset v0.5.5
   Compiling crossbeam-epoch v0.8.2
   Compiling generic-array v0.14.4
   Compiling crossbeam-channel v0.4.3
   Compiling crossbeam-queue v0.2.3
   Compiling crossbeam-deque v0.7.3
   Compiling crossbeam v0.7.3
   Compiling digest v0.9.0
   Compiling block-buffer v0.9.0
   Compiling sha2 v0.9.1
   Compiling lab4 v0.1.0 (/home/h365chen/ece459w22/tograde)
    Finished release [optimized + debuginfo] target(s) in 7.78s
 
